<?xml version="1.0" encoding="UTF-8"?>
<!-- Generated by org.testng.reporters.JUnitReportReporter -->
<testsuite hostname="MYPROBOOK" failures="0" tests="1" name="com.mobile.bd.tests.ReadAcceptTest" time="0.039" errors="0" timestamp="2024-03-19T22:01:20 BDT" skipped="0">
  <testcase classname="com.mobile.bd.tests.ReadAcceptTest" name="testPlaceOrderMethod" time="0.039"/>
</testsuite> <!-- com.mobile.bd.tests.ReadAcceptTest -->
