<?xml version="1.0" encoding="UTF-8"?>
<!-- Generated by org.testng.reporters.JUnitReportReporter -->
<testsuite hostname="MYPROBOOK" failures="0" tests="1" name="com.mobile.bd.tests.PlaceOrderTest" time="0.034" errors="0" timestamp="2024-03-19T17:19:56 BDT" skipped="0">
  <testcase classname="com.mobile.bd.tests.PlaceOrderTest" name="testPlaceOrderMethod" time="0.034"/>
</testsuite> <!-- com.mobile.bd.tests.PlaceOrderTest -->
